## Footprint report - date 05/27/17 15:58:03
## Created by Pcbnew version kicad 4.0.5
## Unit = mm, Angle = deg.

$BeginDESCRIPTION

$BOARD
upper_left_corner 125.595000 66.624999
lower_right_corner 178.485001 119.940000
$EndBOARD

$MODULE "R3"
reference "R3"
value "4,7k"
footprint "Resistors_THT:R_Axial_DIN0207_L6.3mm_D2.5mm_P10.16mm_Horizontal"
attribut none
position 159.385000 72.390000  orientation 270.00
layer front
$PAD "1"
Shape Circle Layer both
position  0.000000  0.000000  size  1.600000  1.600000  orientation 0.00
drill  0.800000
shape_offset  0.000000  0.000000
$EndPAD
$PAD "2"
Shape Oval Layer both
position 10.160000  0.000000  size  1.600000  1.600000  orientation 0.00
drill  0.800000
shape_offset  0.000000  0.000000
$EndPAD
$EndMODULE  R3

$MODULE "C3"
reference "C3"
value "20uF"
footprint "Capacitors_THT:C_Rect_L31.5mm_W9.0mm_P27.50mm_MKS4"
attribut none
position 132.080000 97.790000  orientation 90.00
layer front
$PAD "1"
Shape Circle Layer both
position  0.000000  0.000000  size  2.400000  2.400000  orientation 0.00
drill  1.200000
shape_offset  0.000000  0.000000
$EndPAD
$PAD "2"
Shape Circle Layer both
position 27.500000  0.000000  size  2.400000  2.400000  orientation 0.00
drill  1.200000
shape_offset  0.000000  0.000000
$EndPAD
$EndMODULE  C3

$MODULE "R4"
reference "R4"
value "1,8k"
footprint "Resistors_THT:R_Axial_DIN0207_L6.3mm_D2.5mm_P10.16mm_Horizontal"
attribut none
position 143.510000 97.790000  orientation 90.00
layer front
$PAD "1"
Shape Circle Layer both
position  0.000000  0.000000  size  1.600000  1.600000  orientation 0.00
drill  0.800000
shape_offset  0.000000  0.000000
$EndPAD
$PAD "2"
Shape Oval Layer both
position 10.160000  0.000000  size  1.600000  1.600000  orientation 0.00
drill  0.800000
shape_offset  0.000000  0.000000
$EndPAD
$EndMODULE  R4

$MODULE "20uF1"
reference "20uF1"
value "C"
footprint "Capacitors_THT:CP_Radial_D16.0mm_P7.50mm"
attribut none
position 148.590000 109.855000  orientation 0.00
layer front
$PAD "1"
Shape Rect Layer both
position  0.000000  0.000000  size  2.400000  2.400000  orientation 0.00
drill  1.200000
shape_offset  0.000000  0.000000
$EndPAD
$PAD "2"
Shape Circle Layer both
position  7.500000  0.000000  size  2.400000  2.400000  orientation 0.00
drill  1.200000
shape_offset  0.000000  0.000000
$EndPAD
$EndMODULE  20uF1

$MODULE "C2"
reference "C2"
value "50uF"
footprint "Capacitors_THT:CP_Axial_L21.0mm_D8.0mm_P28.00mm_Horizontal"
attribut none
position 172.085000 97.790000  orientation 90.00
layer front
$PAD "1"
Shape Rect Layer both
position  0.000000  0.000000  size  2.400000  2.400000  orientation 0.00
drill  1.200000
shape_offset  0.000000  0.000000
$EndPAD
$PAD "2"
Shape Oval Layer both
position 28.000000  0.000000  size  2.400000  2.400000  orientation 0.00
drill  1.200000
shape_offset  0.000000  0.000000
$EndPAD
$EndMODULE  C2

$MODULE "P1"
reference "P1"
value "Signal_İn"
footprint "Buttons_Switches_THT:SW_PUSH"
attribut none
position 133.350000 111.760000  orientation 90.00
layer front
$PAD "1"
Shape Circle Layer both
position -5.080000 -2.540000  size  2.540000  2.540000  orientation 0.00
drill  1.143000
shape_offset  0.000000  0.000000
$EndPAD
$PAD "2"
Shape Circle Layer both
position  5.080000  2.540000  size  2.540000  2.540000  orientation 0.00
drill  1.143000
shape_offset  0.000000  0.000000
$EndPAD
$EndMODULE  P1

$MODULE "P2"
reference "P2"
value "Sıgnal_Out"
footprint "Buttons_Switches_THT:SW_PUSH"
attribut none
position 170.815000 111.760000  orientation 270.00
layer front
$PAD "1"
Shape Circle Layer both
position -5.080000 -2.540000  size  2.540000  2.540000  orientation 0.00
drill  1.143000
shape_offset  0.000000  0.000000
$EndPAD
$PAD "2"
Shape Circle Layer both
position  5.080000  2.540000  size  2.540000  2.540000  orientation 0.00
drill  1.143000
shape_offset  0.000000  0.000000
$EndPAD
$EndMODULE  P2

$MODULE "Q1"
reference "Q1"
value "BC548"
footprint "TO_SOT_Packages_THT:TO-92_Inline_Narrow_Oval"
attribut none
position 150.495000 93.345000  orientation 0.00
layer front
$PAD "2"
Shape Oval Layer both
position  1.270000  0.000000  size  0.900000  1.500000  orientation 180.00
drill  0.600000
shape_offset  0.000000  0.000000
$EndPAD
$PAD "3"
Shape Oval Layer both
position  2.540000  0.000000  size  0.900000  1.500000  orientation 180.00
drill  0.600000
shape_offset  0.000000  0.000000
$EndPAD
$PAD "1"
Shape Rect Layer both
position  0.000000  0.000000  size  0.900000  1.500000  orientation 180.00
drill  0.600000
shape_offset  0.000000  0.000000
$EndPAD
$EndMODULE  Q1

$MODULE "R1"
reference "R1"
value "22k"
footprint "Resistors_THT:R_Axial_DIN0207_L6.3mm_D2.5mm_P10.16mm_Horizontal"
attribut none
position 144.780000 72.390000  orientation 270.00
layer front
$PAD "1"
Shape Circle Layer both
position  0.000000  0.000000  size  1.600000  1.600000  orientation 0.00
drill  0.800000
shape_offset  0.000000  0.000000
$EndPAD
$PAD "2"
Shape Oval Layer both
position 10.160000  0.000000  size  1.600000  1.600000  orientation 0.00
drill  0.800000
shape_offset  0.000000  0.000000
$EndPAD
$EndMODULE  R1

$MODULE "R2"
reference "R2"
value "6,8k"
footprint "Resistors_THT:R_Axial_DIN0207_L6.3mm_D2.5mm_P10.16mm_Horizontal"
attribut none
position 160.655000 97.790000  orientation 90.00
layer front
$PAD "1"
Shape Circle Layer both
position  0.000000  0.000000  size  1.600000  1.600000  orientation 0.00
drill  0.800000
shape_offset  0.000000  0.000000
$EndPAD
$PAD "2"
Shape Oval Layer both
position 10.160000  0.000000  size  1.600000  1.600000  orientation 0.00
drill  0.800000
shape_offset  0.000000  0.000000
$EndPAD
$EndMODULE  R2

$EndDESCRIPTION
